#
# A fatal error has been detected by the Java Runtime Environment:
#
#  EXCEPTION_ACCESS_VIOLATION (0xc0000005) at pc=0x63ba5c00, pid=5256, tid=3920
#
# JRE version: Java(TM) SE Runtime Environment (7.0_40-b43) (build 1.7.0_40-b43)
# Java VM: Java HotSpot(TM) Client VM (24.0-b56 mixed mode windows-x86 )
# Problematic frame:
# V  [jvm.dll+0x35c00]
#
# Failed to write core dump. Minidumps are not enabled by default on client versions of Windows
#
# If you would like to submit a bug report, please visit:
#   http://bugreport.sun.com/bugreport/crash.jsp
#

---------------  T H R E A D  ---------------

Current thread (0x019b5800):  JavaThread "JDWP Transport Listener: dt_socket" daemon [_thread_in_vm, id=3920, stack(0x19400000,0x19450000)]

siginfo: ExceptionCode=0xc0000005, reading address 0x00000008

Registers:
EAX=0x0596aca8, EBX=0x019b5800, ECX=0x00000000, EDX=0x00000000
ESP=0x1944f8b4, EBP=0x1944f8b8, ESI=0x00000000, EDI=0x6fc8e15c
EIP=0x63ba5c00, EFLAGS=0x00010246

Top of Stack: (sp=0x1944f8b4)
0x1944f8b4:   019b5930 1944f8e0 63c30f46 0596aca8
0x1944f8c4:   6fc8e15c 019b5930 6fc8e174 019b5800
0x1944f8d4:   00000000 019b5930 1944f9a4 6fc8e99c
0x1944f8e4:   6fc763b2 019b5930 0596aca8 00000000
0x1944f8f4:   1944f918 1944f9a4 1986a758 1944f954
0x1944f904:   0163e11c 1944f924 6fc7bd27 1944f924
0x1944f914:   1944f958 6fc8e890 73b65004 6fc92c68
0x1944f924:   1973e440 0000000b 00000000 00000013 

Instructions: (pc=0x63ba5c00)
0x63ba5be0:   8b 0d 18 1a ea 63 85 c9 7e 05 8b 0c 01 eb 02 33
0x63ba5bf0:   c9 8b 15 1c 1a ea 63 85 d2 7e 05 8b 04 02 eb 03
0x63ba5c00:   8b 46 08 85 c0 75 0f 33 c9 50 51 e8 10 64 15 00
0x63ba5c10:   83 c4 08 5e 5d c3 8d 4c 4e 0c 50 51 e8 ff 63 15 


Register to memory mapping:

EAX=
[error occurred during error reporting (printing register info), id 0xc0000005]

Stack: [0x19400000,0x19450000],  sp=0x1944f8b4,  free space=318k
Native frames: (J=compiled Java code, j=interpreted, Vv=VM code, C=native code)
V  [jvm.dll+0x35c00]
V  [jvm.dll+0xc0f46]


---------------  P R O C E S S  ---------------

Java Threads: ( => current thread )
  0x019cf400 JavaThread "Service Thread" daemon [_thread_blocked, id=10944, stack(0x19640000,0x19690000)]
  0x019c8800 JavaThread "C1 CompilerThread0" daemon [_thread_blocked, id=10400, stack(0x195b0000,0x19600000)]
  0x019bd000 JavaThread "JDWP Command Reader" daemon [_thread_in_native, id=3804, stack(0x19520000,0x19570000)]
  0x019ba000 JavaThread "JDWP Event Helper Thread" daemon [_thread_blocked, id=11008, stack(0x19490000,0x194e0000)]
=>0x019b5800 JavaThread "JDWP Transport Listener: dt_socket" daemon [_thread_in_vm, id=3920, stack(0x19400000,0x19450000)]
  0x019aa400 JavaThread "Attach Listener" daemon [_thread_blocked, id=6248, stack(0x01c60000,0x01cb0000)]
  0x019a8000 JavaThread "Signal Dispatcher" daemon [_thread_blocked, id=10512, stack(0x01bd0000,0x01c20000)]
  0x0163a400 JavaThread "Finalizer" daemon [_thread_blocked, id=3916, stack(0x01940000,0x01990000)]
  0x01634400 JavaThread "Reference Handler" daemon [_thread_blocked, id=11820, stack(0x018b0000,0x01900000)]
  0x0102dc00 JavaThread "main" [_thread_blocked, id=7164, stack(0x014b0000,0x01500000)]

Other Threads:
  0x01632800 VMThread [stack: 0x01820000,0x01870000] [id=9396]
  0x019c8c00 WatcherThread [stack: 0x196d0000,0x19720000] [id=6356]

VM state:not at safepoint (normal execution)

VM Mutex/Monitor currently owned by a thread: None

Heap
 def new generation   total 8576K, used 5664K [0x05400000, 0x05d40000, 0x0a950000)
  eden space 7680K,  73% used [0x05400000, 0x05988088, 0x05b80000)
  from space 896K,   0% used [0x05b80000, 0x05b80000, 0x05c60000)
  to   space 896K,   0% used [0x05c60000, 0x05c60000, 0x05d40000)
 tenured generation   total 18880K, used 11327K [0x0a950000, 0x0bbc0000, 0x15400000)
   the space 18880K,  59% used [0x0a950000, 0x0b45ffd8, 0x0b460000, 0x0bbc0000)
 compacting perm gen  total 12288K, used 3128K [0x15400000, 0x16000000, 0x19400000)
   the space 12288K,  25% used [0x15400000, 0x1570e388, 0x1570e400, 0x16000000)
No shared spaces configured.

Card table byte_map: [0x016d0000,0x01780000] byte_map_base: 0x016a6000

Polling page: 0x00fc0000

Code Cache  [0x03400000, 0x03540000, 0x05400000)
 total_blobs=521 nmethods=379 adapters=87 free_code_cache=31490Kb largest_free_block=32246336

Compilation events (10 events):
Event: 0.678 Thread 0x019c8800  375             org.apache.commons.lang.exception.NestableException::<init> (23 bytes)
Event: 0.678 Thread 0x019c8800 nmethod 375 0x0353d748 code [0x0353d850, 0x0353d968]
Event: 0.678 Thread 0x019c8800  376             org.apache.commons.lang.exception.NestableDelegate::<init> (38 bytes)
Event: 0.678 Thread 0x019c8800 nmethod 376 0x0353da48 code [0x0353db60, 0x0353dccc]
Event: 0.678 Thread 0x019c8800  377             Logging.ServiceLogger::Log (73 bytes)
Event: 0.678 Thread 0x019c8800 nmethod 377 0x0353dd88 code [0x0353def0, 0x0353e118]
Event: 0.678 Thread 0x019c8800  378             DataHelper.PropertiesHelper::getIsDebugConfiguration (16 bytes)
Event: 0.679 Thread 0x019c8800 nmethod 378 0x0353e408 code [0x0353e520, 0x0353e638]
Event: 0.679 Thread 0x019c8800  379   !         sun.reflect.GeneratedMethodAccessor1::invoke (61 bytes)
Event: 0.679 Thread 0x019c8800 nmethod 379 0x0353e748 code [0x0353e900, 0x0353edf0]

GC Heap History (10 events):
Event: 0.521 GC heap before
{Heap before GC invocations=10 (full 0):
 def new generation   total 4928K, used 4928K [0x05400000, 0x05950000, 0x0a950000)
  eden space 4416K, 100% used [0x05400000, 0x05850000, 0x05850000)
  from space 512K, 100% used [0x05850000, 0x058d0000, 0x058d0000)
  to   space 512K,   0% used [0x058d0000, 0x058d0000, 0x05950000)
 tenured generation   total 10944K, used 7162K [0x0a950000, 0x0b400000, 0x15400000)
   the space 10944K,  65% used [0x0a950000, 0x0b04e820, 0x0b04ea00, 0x0b400000)
 compacting perm gen  total 12288K, used 3128K [0x15400000, 0x16000000, 0x19400000)
   the space 12288K,  25% used [0x15400000, 0x1570e328, 0x1570e400, 0x16000000)
No shared spaces configured.
Event: 0.523 GC heap after
Heap after GC invocations=11 (full 0):
 def new generation   total 4928K, used 511K [0x05400000, 0x05950000, 0x0a950000)
  eden space 4416K,   0% used [0x05400000, 0x05400000, 0x05850000)
  from space 512K,  99% used [0x058d0000, 0x0594fff8, 0x05950000)
  to   space 512K,   0% used [0x05850000, 0x05850000, 0x058d0000)
 tenured generation   total 10944K, used 7990K [0x0a950000, 0x0b400000, 0x15400000)
   the space 10944K,  73% used [0x0a950000, 0x0b11da68, 0x0b11dc00, 0x0b400000)
 compacting perm gen  total 12288K, used 3128K [0x15400000, 0x16000000, 0x19400000)
   the space 12288K,  25% used [0x15400000, 0x1570e328, 0x1570e400, 0x16000000)
No shared spaces configured.
}
Event: 0.548 GC heap before
{Heap before GC invocations=11 (full 0):
 def new generation   total 4928K, used 4927K [0x05400000, 0x05950000, 0x0a950000)
  eden space 4416K, 100% used [0x05400000, 0x05850000, 0x05850000)
  from space 512K,  99% used [0x058d0000, 0x0594fff8, 0x05950000)
  to   space 512K,   0% used [0x05850000, 0x05850000, 0x058d0000)
 tenured generation   total 10944K, used 7990K [0x0a950000, 0x0b400000, 0x15400000)
   the space 10944K,  73% used [0x0a950000, 0x0b11da68, 0x0b11dc00, 0x0b400000)
 compacting perm gen  total 12288K, used 3128K [0x15400000, 0x16000000, 0x19400000)
   the space 12288K,  25% used [0x15400000, 0x1570e328, 0x1570e400, 0x16000000)
No shared spaces configured.
Event: 0.551 GC heap after
Heap after GC invocations=12 (full 0):
 def new generation   total 4928K, used 511K [0x05400000, 0x05950000, 0x0a950000)
  eden space 4416K,   0% used [0x05400000, 0x05400000, 0x05850000)
  from space 512K,  99% used [0x05850000, 0x058cfff0, 0x058d0000)
  to   space 512K,   0% used [0x058d0000, 0x058d0000, 0x05950000)
 tenured generation   total 10944K, used 8800K [0x0a950000, 0x0b400000, 0x15400000)
   the space 10944K,  80% used [0x0a950000, 0x0b1e8170, 0x0b1e8200, 0x0b400000)
 compacting perm gen  total 12288K, used 3128K [0x15400000, 0x16000000, 0x19400000)
   the space 12288K,  25% used [0x15400000, 0x1570e328, 0x1570e400, 0x16000000)
No shared spaces configured.
}
Event: 0.576 GC heap before
{Heap before GC invocations=12 (full 0):
 def new generation   total 4928K, used 4927K [0x05400000, 0x05950000, 0x0a950000)
  eden space 4416K, 100% used [0x05400000, 0x05850000, 0x05850000)
  from space 512K,  99% used [0x05850000, 0x058cfff0, 0x058d0000)
  to   space 512K,   0% used [0x058d0000, 0x058d0000, 0x05950000)
 tenured generation   total 10944K, used 8800K [0x0a950000, 0x0b400000, 0x15400000)
   the space 10944K,  80% used [0x0a950000, 0x0b1e8170, 0x0b1e8200, 0x0b400000)
 compacting perm gen  total 12288K, used 3128K [0x15400000, 0x16000000, 0x19400000)
   the space 12288K,  25% used [0x15400000, 0x1570e328, 0x1570e400, 0x16000000)
No shared spaces configured.
Event: 0.578 GC heap after
Heap after GC invocations=13 (full 0):
 def new generation   total 4928K, used 511K [0x05400000, 0x05950000, 0x0a950000)
  eden space 4416K,   0% used [0x05400000, 0x05400000, 0x05850000)
  from space 512K,  99% used [0x058d0000, 0x0594fff0, 0x05950000)
  to   space 512K,   0% used [0x05850000, 0x05850000, 0x058d0000)
 tenured generation   total 10944K, used 9631K [0x0a950000, 0x0b400000, 0x15400000)
   the space 10944K,  88% used [0x0a950000, 0x0b2b7f88, 0x0b2b8000, 0x0b400000)
 compacting perm gen  total 12288K, used 3128K [0x15400000, 0x16000000, 0x19400000)
   the space 12288K,  25% used [0x15400000, 0x1570e328, 0x1570e400, 0x16000000)
No shared spaces configured.
}
Event: 0.603 GC heap before
{Heap before GC invocations=13 (full 0):
 def new generation   total 4928K, used 4927K [0x05400000, 0x05950000, 0x0a950000)
  eden space 4416K, 100% used [0x05400000, 0x05850000, 0x05850000)
  from space 512K,  99% used [0x058d0000, 0x0594fff0, 0x05950000)
  to   space 512K,   0% used [0x05850000, 0x05850000, 0x058d0000)
 tenured generation   total 10944K, used 9631K [0x0a950000, 0x0b400000, 0x15400000)
   the space 10944K,  88% used [0x0a950000, 0x0b2b7f88, 0x0b2b8000, 0x0b400000)
 compacting perm gen  total 12288K, used 3128K [0x15400000, 0x16000000, 0x19400000)
   the space 12288K,  25% used [0x15400000, 0x1570e328, 0x1570e400, 0x16000000)
No shared spaces configured.
Event: 0.606 GC heap after
Heap after GC invocations=14 (full 0):
 def new generation   total 4928K, used 511K [0x05400000, 0x05950000, 0x0a950000)
  eden space 4416K,   0% used [0x05400000, 0x05400000, 0x05850000)
  from space 512K,  99% used [0x05850000, 0x058cfff8, 0x058d0000)
  to   space 512K,   0% used [0x058d0000, 0x058d0000, 0x05950000)
 tenured generation   total 10944K, used 10442K [0x0a950000, 0x0b400000, 0x15400000)
   the space 10944K,  95% used [0x0a950000, 0x0b382b50, 0x0b382c00, 0x0b400000)
 compacting perm gen  total 12288K, used 3128K [0x15400000, 0x16000000, 0x19400000)
   the space 12288K,  25% used [0x15400000, 0x1570e328, 0x1570e400, 0x16000000)
No shared spaces configured.
}
Event: 0.631 GC heap before
{Heap before GC invocations=14 (full 0):
 def new generation   total 4928K, used 4927K [0x05400000, 0x05950000, 0x0a950000)
  eden space 4416K, 100% used [0x05400000, 0x05850000, 0x05850000)
  from space 512K,  99% used [0x05850000, 0x058cfff8, 0x058d0000)
  to   space 512K,   0% used [0x058d0000, 0x058d0000, 0x05950000)
 tenured generation   total 10944K, used 10442K [0x0a950000, 0x0b400000, 0x15400000)
   the space 10944K,  95% used [0x0a950000, 0x0b382b50, 0x0b382c00, 0x0b400000)
 compacting perm gen  total 12288K, used 3128K [0x15400000, 0x16000000, 0x19400000)
   the space 12288K,  25% used [0x15400000, 0x1570e338, 0x1570e400, 0x16000000)
No shared spaces configured.
Event: 0.653 GC heap after
Heap after GC invocations=15 (full 1):
 def new generation   total 8576K, used 455K [0x05400000, 0x05d40000, 0x0a950000)
  eden space 7680K,   5% used [0x05400000, 0x05471dc8, 0x05b80000)
  from space 896K,   0% used [0x05b80000, 0x05b80000, 0x05c60000)
  to   space 896K,   0% used [0x05c60000, 0x05c60000, 0x05d40000)
 tenured generation   total 18880K, used 11327K [0x0a950000, 0x0bbc0000, 0x15400000)
   the space 18880K,  59% used [0x0a950000, 0x0b45ffd8, 0x0b460000, 0x0bbc0000)
 compacting perm gen  total 12288K, used 3128K [0x15400000, 0x16000000, 0x19400000)
   the space 12288K,  25% used [0x15400000, 0x1570e338, 0x1570e400, 0x16000000)
No shared spaces configured.
}

Deoptimization events (0 events):
No events

Internal exceptions (10 events):
Event: 0.197 Thread 0x0102dc00 Threw 0x05507928 at C:\jdk7u2_32P\jdk7u40\hotspot\src\share\vm\prims\jvm.cpp:1244
Event: 0.198 Thread 0x0102dc00 Threw 0x0550d270 at C:\jdk7u2_32P\jdk7u40\hotspot\src\share\vm\prims\jvm.cpp:1244
Event: 0.198 Thread 0x0102dc00 Threw 0x05514120 at C:\jdk7u2_32P\jdk7u40\hotspot\src\share\vm\prims\jvm.cpp:1244
Event: 0.199 Thread 0x0102dc00 Threw 0x05517d38 at C:\jdk7u2_32P\jdk7u40\hotspot\src\share\vm\prims\jvm.cpp:1244
Event: 0.200 Thread 0x0102dc00 Threw 0x0551c928 at C:\jdk7u2_32P\jdk7u40\hotspot\src\share\vm\prims\jvm.cpp:1244
Event: 0.201 Thread 0x0102dc00 Threw 0x05522988 at C:\jdk7u2_32P\jdk7u40\hotspot\src\share\vm\prims\jvm.cpp:1244
Event: 0.202 Thread 0x0102dc00 Threw 0x0552f7e8 at C:\jdk7u2_32P\jdk7u40\hotspot\src\share\vm\prims\jvm.cpp:1244
Event: 0.205 Thread 0x0102dc00 Threw 0x05558940 at C:\jdk7u2_32P\jdk7u40\hotspot\src\share\vm\prims\jvm.cpp:1244
Event: 0.207 Thread 0x0102dc00 Threw 0x05561f90 at C:\jdk7u2_32P\jdk7u40\hotspot\src\share\vm\prims\jvm.cpp:1244
Event: 0.683 Thread 0x0102dc00 StackOverflowError at 0x034a7e20

Events (10 events):
Event: 0.683 Thread 0x0102dc00 DEOPT PACKING pc=0x0352e8f0 sp=0x014b7d90
Event: 0.683 Thread 0x0102dc00 DEOPT UNPACKING pc=0x0342dfc2 sp=0x014b7bd8 mode 1
Event: 0.683 Thread 0x0102dc00 DEOPT PACKING pc=0x034b8527 sp=0x014b7960
Event: 0.683 Thread 0x0102dc00 DEOPT UNPACKING pc=0x0342dfc2 sp=0x014b78a8 mode 1
Event: 0.683 Thread 0x0102dc00 DEOPT PACKING pc=0x0353ac40 sp=0x014b7a70
Event: 0.683 Thread 0x0102dc00 DEOPT UNPACKING pc=0x0342dfc2 sp=0x014b78dc mode 1
Event: 2.646 Executing VM operation: GetOrSetLocal
Event: 2.646 Executing VM operation: GetOrSetLocal done
Event: 4.133 Executing VM operation: EnableBiasedLocking
Event: 4.133 Executing VM operation: EnableBiasedLocking done


Dynamic libraries:
0x00180000 - 0x001af000 	C:\Java\jdk1.7.0_40\bin\javaw.exe
0x77290000 - 0x773ff000 	C:\Windows\SYSTEM32\ntdll.dll
0x76be0000 - 0x76d20000 	C:\Windows\SYSTEM32\KERNEL32.DLL
0x74b20000 - 0x74bf7000 	C:\Windows\SYSTEM32\KERNELBASE.dll
0x6c370000 - 0x6c410000 	C:\Windows\system32\apphelp.dll
0x6b190000 - 0x6b3f6000 	C:\Windows\AppPatch\AcGenral.DLL
0x770f0000 - 0x771b3000 	C:\Windows\SYSTEM32\msvcrt.dll
0x74ac0000 - 0x74b01000 	C:\Windows\SYSTEM32\sechost.dll
0x74a80000 - 0x74a9e000 	C:\Windows\SYSTEM32\SspiCli.dll
0x75640000 - 0x75685000 	C:\Windows\SYSTEM32\SHLWAPI.dll
0x71340000 - 0x7142d000 	C:\Windows\SYSTEM32\UxTheme.dll
0x75780000 - 0x758d3000 	C:\Windows\SYSTEM32\USER32.dll
0x74f40000 - 0x7504c000 	C:\Windows\SYSTEM32\GDI32.dll
0x737f0000 - 0x73813000 	C:\Windows\SYSTEM32\WINMM.dll
0x74170000 - 0x74183000 	C:\Windows\SYSTEM32\samcli.dll
0x74c10000 - 0x74d39000 	C:\Windows\SYSTEM32\ole32.dll
0x74ea0000 - 0x74f37000 	C:\Windows\SYSTEM32\OLEAUT32.dll
0x73b80000 - 0x73b97000 	C:\Windows\SYSTEM32\MSACM32.dll
0x73cc0000 - 0x73cc8000 	C:\Windows\SYSTEM32\VERSION.dll
0x758e0000 - 0x76b9a000 	C:\Windows\SYSTEM32\SHELL32.dll
0x746e0000 - 0x746fb000 	C:\Windows\SYSTEM32\USERENV.dll
0x6c350000 - 0x6c36a000 	C:\Windows\SYSTEM32\dwmapi.dll
0x6c060000 - 0x6c1ab000 	C:\Windows\SYSTEM32\urlmon.dll
0x74d40000 - 0x74dbc000 	C:\Windows\SYSTEM32\ADVAPI32.dll
0x6f3b0000 - 0x6f415000 	C:\Windows\SYSTEM32\WINSPOOL.DRV
0x70c10000 - 0x70c26000 	C:\Windows\SYSTEM32\MPR.dll
0x751f0000 - 0x752aa000 	C:\Windows\SYSTEM32\RPCRT4.dll
0x74a70000 - 0x74a7a000 	C:\Windows\SYSTEM32\CRYPTBASE.dll
0x752b0000 - 0x7542d000 	C:\Windows\SYSTEM32\combase.dll
0x737c0000 - 0x737e3000 	C:\Windows\SYSTEM32\WINMMBASE.dll
0x746d0000 - 0x746df000 	C:\Windows\SYSTEM32\profapi.dll
0x70df0000 - 0x71025000 	C:\Windows\SYSTEM32\iertutil.dll
0x71030000 - 0x712db000 	C:\Windows\SYSTEM32\WININET.dll
0x74a10000 - 0x74a64000 	C:\Windows\SYSTEM32\bcryptPrimitives.dll
0x76ba0000 - 0x76bdc000 	C:\Windows\SYSTEM32\cfgmgr32.dll
0x73790000 - 0x737b1000 	C:\Windows\SYSTEM32\DEVOBJ.dll
0x73370000 - 0x733fb000 	C:\Windows\SYSTEM32\SHCORE.DLL
0x75430000 - 0x75457000 	C:\Windows\system32\IMM32.DLL
0x75500000 - 0x75612000 	C:\Windows\SYSTEM32\MSCTF.dll
0x73580000 - 0x73786000 	C:\Windows\WinSxS\x86_microsoft.windows.common-controls_6595b64144ccf1df_6.0.9600.17810_none_a9edf09f013934e0\COMCTL32.dll
0x6b550000 - 0x6b60e000 	C:\Java\jdk1.7.0_40\jre\bin\msvcr100.dll
0x63b70000 - 0x63ef0000 	C:\Java\jdk1.7.0_40\jre\bin\client\jvm.dll
0x73970000 - 0x73978000 	C:\Windows\SYSTEM32\WSOCK32.dll
0x74ab0000 - 0x74ab6000 	C:\Windows\SYSTEM32\PSAPI.DLL
0x74e50000 - 0x74e9f000 	C:\Windows\SYSTEM32\WS2_32.dll
0x74aa0000 - 0x74aa7000 	C:\Windows\SYSTEM32\NSI.dll
0x64000000 - 0x6400c000 	C:\Java\jdk1.7.0_40\jre\bin\verify.dll
0x63a90000 - 0x63ab0000 	C:\Java\jdk1.7.0_40\jre\bin\java.dll
0x6fc70000 - 0x6fc9a000 	C:\Java\jdk1.7.0_40\jre\bin\jdwp.dll
0x73bc0000 - 0x73bc7000 	C:\Java\jdk1.7.0_40\jre\bin\npt.dll
0x63a70000 - 0x63a83000 	C:\Java\jdk1.7.0_40\jre\bin\zip.dll
0x73b60000 - 0x73b68000 	C:\Java\jdk1.7.0_40\jre\bin\dt_socket.dll
0x73240000 - 0x73251000 	C:\Windows\system32\napinsp.dll
0x73220000 - 0x73236000 	C:\Windows\system32\pnrpnsp.dll
0x73200000 - 0x73214000 	C:\Windows\system32\NLAapi.dll
0x73260000 - 0x732ab000 	C:\Windows\System32\mswsock.dll
0x73180000 - 0x731fe000 	C:\Windows\SYSTEM32\DNSAPI.dll
0x73170000 - 0x7317a000 	C:\Windows\System32\winrnr.dll
0x73120000 - 0x73166000 	C:\Windows\System32\fwpuclnt.dll
0x73110000 - 0x73118000 	C:\Windows\System32\rasadhlp.dll
0x63310000 - 0x63324000 	C:\Java\jdk1.7.0_40\jre\bin\net.dll
0x63ff0000 - 0x63fff000 	C:\Java\jdk1.7.0_40\jre\bin\nio.dll
0x6bf10000 - 0x6c051000 	C:\Windows\SYSTEM32\dbghelp.dll

VM Arguments:
jvm_args: -agentlib:jdwp=transport=dt_socket,suspend=y,address=localhost:65480 -Dfile.encoding=Cp1252 
java_command: mongoapp.QScheduler
Launcher Type: SUN_STANDARD

Environment Variables:
PATH=C:/Java/jdk1.7.0_40/bin/../jre/bin/client;C:/Java/jdk1.7.0_40/bin/../jre/bin;C:/Java/jdk1.7.0_40/bin/../jre/lib/i386;C:\ProgramData\Oracle\Java\javapath;C:\Program Files (x86)\Intel\iCLS Client\;C:\Program Files\Intel\iCLS Client\;C:\Windows\system32;C:\Windows;C:\Windows\System32\Wbem;C:\Windows\System32\WindowsPowerShell\v1.0\;C:\Program Files\Intel\Intel(R) Management Engine Components\DAL;C:\Program Files (x86)\Intel\Intel(R) Management Engine Components\DAL;C:\Program Files\Intel\Intel(R) Management Engine Components\IPT;C:\Program Files (x86)\Intel\Intel(R) Management Engine Components\IPT;C:\Program Files (x86)\Windows Live\Shared;C:\Java\jdk1.7.0_40\jre\bin;C:\Program Files\TortoiseSVN\bin;C:\Program Files\VisualSVN Server\bin;;C:\FingerprintSensors\SMARTCHIP_DLL;C:\Program Files (x86)\Inno Setup 5;c:\Program Files (x86)\Microsoft SQL Server\90\Tools\binn\;C:\Program Files (x86)\CrSSL\bin;C:\Program Files (x86)\PuTTY\;E:\chandan\akash_sir\eclipseKepler;
USERNAME=cdac
OS=Windows_NT
PROCESSOR_IDENTIFIER=Intel64 Family 6 Model 60 Stepping 3, GenuineIntel



---------------  S Y S T E M  ---------------

OS: Windows 8 , 64 bit Build 9200 

CPU:total 4 (4 cores per cpu, 1 threads per core) family 6 model 60 stepping 3, cmov, cx8, fxsr, mmx, sse, sse2, sse3, ssse3, sse4.1, sse4.2, popcnt, avx, avx2, aes, erms, tsc, tscinvbit

Memory: 4k page, physical 8305244k(1494784k free), swap 24373012k(14837720k free)

vm_info: Java HotSpot(TM) Client VM (24.0-b56) for windows-x86 JRE (1.7.0_40-b43), built on Aug 26 2013 22:34:40 by "java_re" with unknown MS VC++:1600

time: Thu Jan 17 10:03:33 2019
elapsed time: 6 seconds

